<?xml version="1.0" encoding="UTF-8"?>
<!-- Generated by org.testng.reporters.JUnitReportReporter -->
<testsuite hostname="DESKTOP-LUU7922" failures="0" tests="5" name="testCases.ForgetPasswordResetPassword" time="4.703" errors="0" timestamp="2023-10-24T16:15:25 EET" skipped="0">
  <testcase classname="testCases.ForgetPasswordResetPassword" name="ForgetPasswordEmptyNewPassword" time="1.222"/>
  <system-out/>
  <testcase classname="testCases.ForgetPasswordResetPassword" name="ForgetPasswordMinLengthNewPassword" time="0.521"/>
  <system-out/>
  <testcase classname="testCases.ForgetPasswordResetPassword" name="ForgetPasswordEmptyConfirmNewPassword" time="0.492"/>
  <system-out/>
  <testcase classname="testCases.ForgetPasswordResetPassword" name="ForgetPasswordNotMatchConfirmNewPassword" time="1.173"/>
  <system-out/>
  <testcase classname="testCases.ForgetPasswordResetPassword" name="ForgetPasswordHappyScinario" time="1.295"/>
  <system-out/>
</testsuite> <!-- testCases.ForgetPasswordResetPassword -->
