<?xml version="1.0" encoding="UTF-8"?>
<!-- Generated by org.testng.reporters.JUnitReportReporter -->
<testsuite hostname="DESKTOP-LUU7922" failures="0" tests="4" name="testCases.ForgetPasswordEmailTest" time="3.511" errors="0" timestamp="2023-11-22T05:39:09 EET" skipped="0">
  <testcase classname="testCases.ForgetPasswordEmailTest" name="ForgetPasswordEmptyEmial" time="0.323"/>
  <system-out/>
  <testcase classname="testCases.ForgetPasswordEmailTest" name="ForgetPasswordNotValidEmial" time="0.353"/>
  <system-out/>
  <testcase classname="testCases.ForgetPasswordEmailTest" name="ForgetPasswordNotRegisteredEmial" time="1.030"/>
  <system-out/>
  <testcase classname="testCases.ForgetPasswordEmailTest" name="ForgetPasswordHappyScinario" time="1.805"/>
  <system-out/>
</testsuite> <!-- testCases.ForgetPasswordEmailTest -->
