<?xml version="1.0" encoding="UTF-8"?>
<!-- Generated by org.testng.reporters.JUnitReportReporter -->
<testsuite hostname="DESKTOP-LUU7922" failures="0" tests="7" name="testCases.MyAccountTest" time="18.361" errors="0" timestamp="2023-11-22T05:39:09 EET" skipped="0">
  <testcase classname="testCases.MyAccountTest" name="EditProfileFirstNameMinLength" time="2.819"/>
  <system-out/>
  <testcase classname="testCases.MyAccountTest" name="EditProfileFirstNameMaxLength" time="2.665"/>
  <system-out/>
  <testcase classname="testCases.MyAccountTest" name="EditProfileLeaveFirstNameEmpty" time="2.690"/>
  <system-out/>
  <testcase classname="testCases.MyAccountTest" name="EditProfileLastNameMinLength" time="3.157"/>
  <system-out/>
  <testcase classname="testCases.MyAccountTest" name="EditProfileLastNameMaxLength" time="2.250"/>
  <system-out/>
  <testcase classname="testCases.MyAccountTest" name="EditProfileLeavelastNameEmpty" time="2.258"/>
  <system-out/>
  <testcase classname="testCases.MyAccountTest" name="EditProfileHappyScienario" time="2.522"/>
  <system-out/>
</testsuite> <!-- testCases.MyAccountTest -->
