<?xml version="1.0" encoding="UTF-8"?>
<!-- Generated by org.testng.reporters.JUnitReportReporter -->
<testsuite hostname="DESKTOP-LUU7922" failures="0" tests="10" name="testCases.ChangePasswordTest" time="11.369" errors="0" timestamp="2023-11-22T05:39:09 EET" skipped="0">
  <testcase classname="testCases.ChangePasswordTest" name="ChangePasswordOldPasswordEmptyError" time="0.888"/>
  <system-out/>
  <testcase classname="testCases.ChangePasswordTest" name="ChangePasswordOldPasswordMinLengthError" time="0.744"/>
  <system-out/>
  <testcase classname="testCases.ChangePasswordTest" name="ChangePasswordOldPasswordNotMatchError" time="1.739"/>
  <system-out/>
  <testcase classname="testCases.ChangePasswordTest" name="ChangePasswordNewPasswordEmptyError" time="0.957"/>
  <system-out/>
  <testcase classname="testCases.ChangePasswordTest" name="ChangePasswordNewPasswordMinLengthError" time="0.812"/>
  <system-out/>
  <testcase classname="testCases.ChangePasswordTest" name="ChangePasswordConfirmNewPasswordEmptyError" time="0.731"/>
  <system-out/>
  <testcase classname="testCases.ChangePasswordTest" name="ChangePasswordConfirmNewPasswordMinLengthError" time="0.761"/>
  <system-out/>
  <testcase classname="testCases.ChangePasswordTest" name="ChangePasswordConfirmNewPasswordNotMatchError" time="0.787"/>
  <system-out/>
  <testcase classname="testCases.ChangePasswordTest" name="ChangePasswordCurrentPasswordSameNewPassword" time="2.028"/>
  <system-out/>
  <testcase classname="testCases.ChangePasswordTest" name="ChangePasswordHappyScienario" time="1.922"/>
  <system-out/>
</testsuite> <!-- testCases.ChangePasswordTest -->
