<?xml version="1.0" encoding="UTF-8"?>
<!-- Generated by org.testng.reporters.JUnitReportReporter -->
<testsuite hostname="DESKTOP-LUU7922" failures="0" tests="5" name="testCases.ForgetPasswordResetPasswordTest" time="4.818" errors="0" timestamp="2023-11-22T05:39:09 EET" skipped="0">
  <testcase classname="testCases.ForgetPasswordResetPasswordTest" name="ForgetPasswordEmptyNewPassword" time="1.246"/>
  <system-out/>
  <testcase classname="testCases.ForgetPasswordResetPasswordTest" name="ForgetPasswordMinLengthNewPassword" time="0.481"/>
  <system-out/>
  <testcase classname="testCases.ForgetPasswordResetPasswordTest" name="ForgetPasswordEmptyConfirmNewPassword" time="0.452"/>
  <system-out/>
  <testcase classname="testCases.ForgetPasswordResetPasswordTest" name="ForgetPasswordNotMatchConfirmNewPassword" time="1.197"/>
  <system-out/>
  <testcase classname="testCases.ForgetPasswordResetPasswordTest" name="ForgetPasswordHappyScinario" time="1.442"/>
  <system-out/>
</testsuite> <!-- testCases.ForgetPasswordResetPasswordTest -->
