<?xml version="1.0" encoding="UTF-8"?>
<!-- Generated by org.testng.reporters.JUnitReportReporter -->
<testsuite hostname="DESKTOP-LUU7922" failures="0" tests="4" name="testCases.ForgetPasswordOTPTest" time="4.802" errors="0" timestamp="2023-11-22T05:39:09 EET" skipped="0">
  <testcase classname="testCases.ForgetPasswordOTPTest" name="ForgetPasswordEmptyOTPCode" time="1.791"/>
  <system-out/>
  <testcase classname="testCases.ForgetPasswordOTPTest" name="ForgetPasswordNotValidOTPCode" time="0.500"/>
  <system-out/>
  <testcase classname="testCases.ForgetPasswordOTPTest" name="ForgetPasswordWrongOTPCode" time="1.261"/>
  <system-out/>
  <testcase classname="testCases.ForgetPasswordOTPTest" name="ForgetPasswordHappyScinario" time="1.250"/>
  <system-out/>
</testsuite> <!-- testCases.ForgetPasswordOTPTest -->
