<?xml version="1.0" encoding="UTF-8"?>
<!-- Generated by org.testng.reporters.JUnitReportReporter -->
<testsuite hostname="DESKTOP-LUU7922" failures="0" tests="1" name="testCases.EnrollCourseTest" time="2.237" errors="0" timestamp="2023-11-01T16:59:37 EET" skipped="0">
  <testcase classname="testCases.EnrollCourseTest" name="EnrollOnCourse" time="2.237"/>
  <system-out/>
</testsuite> <!-- testCases.EnrollCourseTest -->
