<?xml version="1.0" encoding="UTF-8"?>
<!-- Generated by org.testng.reporters.JUnitReportReporter -->
<testsuite hostname="DESKTOP-LUU7922" failures="0" tests="1" name="testCases.SearchCourseTest" time="30.546" errors="0" timestamp="2023-10-27T05:58:34 EET" skipped="0">
  <testcase classname="testCases.SearchCourseTest" name="SearchCourseHappyScienarioByCheckOnSearchResultByListCourseCardsIndex" time="30.546"/>
  <system-out/>
</testsuite> <!-- testCases.SearchCourseTest -->
