<?xml version="1.0" encoding="UTF-8"?>
<!-- Generated by org.testng.reporters.JUnitReportReporter -->
<testsuite hostname="DESKTOP-LUU7922" failures="0" tests="2" name="testCases.LessonNavigatorTest" time="0.356" errors="0" timestamp="2023-11-11T14:20:38 EET" skipped="1">
  <testcase classname="testCases.LessonNavigatorTest" name="AskQuestionِOnLessonEmpty" time="0.356"/>
  <system-out/>
  <testcase classname="testCases.LessonNavigatorTest" name="MarkComplete">
    <skipped/>
  </testcase> <!-- MarkComplete -->
  <system-out/>
</testsuite> <!-- testCases.LessonNavigatorTest -->
