<?xml version="1.0" encoding="UTF-8"?>
<!-- Generated by org.testng.reporters.JUnitReportReporter -->
<testsuite hostname="DESKTOP-LUU7922" failures="0" tests="8" name="testCases.CourseSearchTest" time="40.923" errors="0" timestamp="2023-11-22T05:39:09 EET" skipped="0">
  <testcase classname="testCases.CourseSearchTest" name="EmptyCourseNameError" time="0.268"/>
  <system-out/>
  <testcase classname="testCases.CourseSearchTest" name="MinLengthCourseNameError" time="0.242"/>
  <system-out/>
  <testcase classname="testCases.CourseSearchTest" name="MaxLengthCourseNameError" time="0.430"/>
  <system-out/>
  <testcase classname="testCases.CourseSearchTest" name="NumbersOnlyCourseNameError" time="0.247"/>
  <system-out/>
  <testcase classname="testCases.CourseSearchTest" name="FirstCharNumberCourseNameError" time="0.289"/>
  <system-out/>
  <testcase classname="testCases.CourseSearchTest" name="SpecialCharNumberCourseNameError" time="0.260"/>
  <system-out/>
  <testcase classname="testCases.CourseSearchTest" name="SearchCourseHappyScienarioByCheckingOnSearchResultByText" time="7.447"/>
  <system-out/>
  <testcase classname="testCases.CourseSearchTest" name="SearchCourseHappyScienarioByCheckOnSearchResultByListCourseCardsIndex" time="31.740"/>
  <system-out/>
</testsuite> <!-- testCases.CourseSearchTest -->
