<?xml version="1.0" encoding="UTF-8"?>
<!-- Generated by org.testng.reporters.JUnitReportReporter -->
<testsuite hostname="DESKTOP-LUU7922" failures="0" tests="7" name="testCases.LoginTest" time="8.124" errors="0" timestamp="2023-11-22T05:39:09 EET" skipped="0">
  <testcase classname="testCases.LoginTest" name="LoginEmptyEmail" time="1.104"/>
  <system-out/>
  <testcase classname="testCases.LoginTest" name="LoginValidEmail" time="0.571"/>
  <system-out/>
  <testcase classname="testCases.LoginTest" name="LoginEmptyPassword" time="0.560"/>
  <system-out/>
  <testcase classname="testCases.LoginTest" name="LoginMinLengthPassword" time="0.549"/>
  <system-out/>
  <testcase classname="testCases.LoginTest" name="LoginWrongPassword" time="1.383"/>
  <system-out/>
  <testcase classname="testCases.LoginTest" name="LoginWrongEmail" time="1.394"/>
  <system-out/>
  <testcase classname="testCases.LoginTest" name="LoginHappyScienario" time="2.563"/>
  <system-out/>
</testsuite> <!-- testCases.LoginTest -->
