<?xml version="1.0" encoding="UTF-8"?>
<!-- Generated by org.testng.reporters.JUnitReportReporter -->
<testsuite hostname="DESKTOP-LUU7922" failures="0" tests="1" name="testCases.HomeTest" time="10.157" errors="0" timestamp="2023-10-09T15:57:39 EET" skipped="0">
  <testcase classname="testCases.HomeTest" name="CheckElementsonparent" time="10.157"/>
  <system-out/>
</testsuite> <!-- testCases.HomeTest -->
